TN:
SF:services\authService.ts
FN:12,haveToken
FN:13,(anonymous_1)
FN:19,requestToken
FN:20,(anonymous_3)
FN:40,(anonymous_4)
FN:55,refreshToken
FN:56,(anonymous_6)
FNF:7
FNH:7
FNDA:3,haveToken
FNDA:3,(anonymous_1)
FNDA:6,requestToken
FNDA:6,(anonymous_3)
FNDA:5,(anonymous_4)
FNDA:4,refreshToken
FNDA:4,(anonymous_6)
DA:13,3
DA:14,3
DA:15,2
DA:20,6
DA:21,6
DA:23,5
DA:31,2
DA:33,2
DA:35,1
DA:36,1
DA:41,5
DA:43,5
DA:44,1
DA:47,4
DA:48,1
DA:51,3
DA:56,4
DA:57,4
DA:58,4
DA:60,3
DA:68,2
DA:70,2
DA:72,1
DA:77,1
LF:24
LH:24
BRDA:33,0,0,1
BRDA:33,0,1,1
BRDA:33,1,0,2
BRDA:33,1,1,1
BRDA:43,2,0,1
BRDA:43,2,1,4
BRDA:43,3,0,5
BRDA:43,3,1,4
BRDA:47,4,0,1
BRDA:47,4,1,3
BRDA:58,5,0,1
BRDA:58,5,1,3
BRDA:70,6,0,1
BRDA:70,6,1,1
BRF:14
BRH:14
end_of_record
TN:
SF:services\checklistService.ts
FN:59,hydrateChecklistState
FN:64,(anonymous_1)
FN:68,(anonymous_2)
FN:69,(anonymous_3)
FN:72,(anonymous_4)
FN:88,buildChecklistPayload
FN:98,(anonymous_6)
FN:116,(anonymous_7)
FN:127,resolveChecklistDateChange
FN:128,(anonymous_9)
FN:133,saveWorkOrderData
FN:137,(anonymous_11)
FN:164,saveChecklistItems
FN:168,(anonymous_13)
FN:173,(anonymous_14)
FN:174,(anonymous_15)
FN:211,saveChecklistData
FN:216,(anonymous_17)
FNF:18
FNH:16
FNDA:1,hydrateChecklistState
FNDA:1,(anonymous_1)
FNDA:1,(anonymous_2)
FNDA:1,(anonymous_3)
FNDA:2,(anonymous_4)
FNDA:1,buildChecklistPayload
FNDA:1,(anonymous_6)
FNDA:1,(anonymous_7)
FNDA:2,resolveChecklistDateChange
FNDA:2,(anonymous_9)
FNDA:2,saveWorkOrderData
FNDA:2,(anonymous_11)
FNDA:1,saveChecklistItems
FNDA:1,(anonymous_13)
FNDA:1,(anonymous_14)
FNDA:1,(anonymous_15)
FNDA:0,saveChecklistData
FNDA:0,(anonymous_17)
DA:64,1
DA:65,1
DA:66,1
DA:68,1
DA:69,1
DA:72,1
DA:73,2
DA:75,2
DA:98,1
DA:99,1
DA:116,1
DA:128,2
DA:129,2
DA:137,2
DA:138,2
DA:140,1
DA:141,0
DA:148,1
DA:150,1
DA:168,1
DA:169,1
DA:170,1
DA:171,1
DA:173,1
DA:174,1
DA:177,1
DA:178,2
DA:179,2
DA:181,2
DA:182,0
DA:185,2
DA:188,2
DA:192,2
DA:202,2
DA:203,1
DA:205,1
DA:216,0
DA:217,0
DA:218,0
LF:39
LH:34
BRDA:78,0,0,2
BRDA:78,0,1,1
BRDA:102,1,0,1
BRDA:102,1,1,0
BRDA:120,2,0,1
BRDA:120,2,1,0
BRDA:121,3,0,0
BRDA:121,3,1,1
BRDA:129,4,0,2
BRDA:129,4,1,1
BRDA:140,5,0,0
BRDA:140,5,1,1
BRDA:154,6,0,1
BRDA:154,6,1,0
BRDA:157,7,0,0
BRDA:157,7,1,1
BRDA:179,8,0,2
BRDA:179,8,1,0
BRDA:181,9,0,0
BRDA:181,9,1,2
BRDA:185,10,0,1
BRDA:185,10,1,1
BRDA:187,11,0,1
BRDA:187,11,1,1
BRDA:188,12,0,1
BRDA:188,12,1,1
BRDA:190,13,0,1
BRDA:190,13,1,1
BRDA:193,14,0,2
BRDA:193,14,1,1
BRDA:193,14,2,1
BRDA:202,15,0,1
BRDA:202,15,1,1
BRF:33
BRH:25
end_of_record
TN:
SF:services\controllerErrorService.ts
FN:10,executeControllerTask
FNF:1
FNH:1
FNDA:3,executeControllerTask
DA:14,3
DA:15,3
DA:17,2
DA:23,2
DA:24,1
DA:27,1
LF:6
LH:6
BRDA:23,0,0,1
BRDA:23,0,1,1
BRF:2
BRH:2
end_of_record
TN:
SF:services\imageService.ts
FN:8,base64ToUint8Array
FN:9,(anonymous_1)
FN:23,readImageAsUint8Array
FN:24,(anonymous_3)
FN:28,(anonymous_4)
FN:31,(anonymous_5)
FN:42,takePhoto
FN:43,(anonymous_7)
FNF:8
FNH:4
FNDA:1,base64ToUint8Array
FNDA:1,(anonymous_1)
FNDA:0,readImageAsUint8Array
FNDA:0,(anonymous_3)
FNDA:0,(anonymous_4)
FNDA:0,(anonymous_5)
FNDA:3,takePhoto
FNDA:3,(anonymous_7)
DA:9,1
DA:10,1
DA:11,1
DA:12,1
DA:13,1
DA:15,1
DA:16,1
DA:19,1
DA:24,0
DA:25,0
DA:26,0
DA:28,0
DA:29,0
DA:31,0
DA:32,0
DA:33,0
DA:36,0
DA:37,0
DA:43,3
DA:44,3
DA:46,3
DA:47,1
DA:50,2
DA:52,2
DA:53,1
DA:56,1
LF:26
LH:16
BRDA:46,0,0,1
BRDA:46,0,1,2
BRDA:52,1,0,1
BRDA:52,1,1,1
BRDA:56,2,0,1
BRDA:56,2,1,0
BRF:6
BRH:5
end_of_record
TN:
SF:services\networkService.ts
FN:23,httpRequest
FN:28,(anonymous_1)
FN:36,(anonymous_2)
FN:43,(anonymous_3)
FN:85,hasWebAccess
FN:86,(anonymous_5)
FNF:6
FNH:5
FNDA:8,httpRequest
FNDA:8,(anonymous_1)
FNDA:0,(anonymous_2)
FNDA:8,(anonymous_3)
FNDA:3,hasWebAccess
FNDA:3,(anonymous_5)
DA:28,8
DA:29,8
DA:30,8
DA:31,6
DA:34,8
DA:35,8
DA:36,8
DA:38,8
DA:44,8
DA:47,6
DA:48,2
DA:49,2
DA:50,1
DA:58,1
DA:59,1
DA:63,4
DA:64,1
DA:65,1
DA:68,3
DA:70,4
DA:71,1
DA:74,3
DA:76,8
DA:77,6
DA:86,3
DA:87,3
DA:89,2
LF:27
LH:27
BRDA:25,0,0,6
BRDA:26,1,0,6
BRDA:30,2,0,6
BRDA:30,2,1,2
BRDA:35,3,0,8
BRDA:35,3,1,7
BRDA:41,4,0,1
BRDA:41,4,1,7
BRDA:47,5,0,2
BRDA:47,5,1,4
BRDA:47,6,0,6
BRDA:47,6,1,2
BRDA:63,7,0,1
BRDA:63,7,1,3
BRDA:65,8,0,1
BRDA:65,8,1,0
BRDA:70,9,0,1
BRDA:70,9,1,3
BRDA:70,10,0,4
BRDA:70,10,1,4
BRDA:76,11,0,6
BRDA:76,11,1,2
BRDA:90,12,0,2
BRDA:90,12,1,2
BRF:24
BRH:23
end_of_record
TN:
SF:services\requestLoadingService.ts
FN:11,notifyListeners
FN:12,(anonymous_1)
FN:15,(anonymous_2)
FN:19,beginRequestLoading
FN:20,(anonymous_4)
FN:26,endRequestLoading
FN:27,(anonymous_6)
FN:33,subscribeRequestLoading
FN:34,(anonymous_8)
FN:38,(anonymous_9)
FN:39,(anonymous_10)
FNF:11
FNH:11
FNDA:4,notifyListeners
FNDA:4,(anonymous_1)
FNDA:3,(anonymous_2)
FNDA:2,beginRequestLoading
FNDA:2,(anonymous_4)
FNDA:2,endRequestLoading
FNDA:2,(anonymous_6)
FNDA:4,subscribeRequestLoading
FNDA:4,(anonymous_8)
FNDA:2,(anonymous_9)
FNDA:2,(anonymous_10)
DA:8,4
DA:9,4
DA:12,4
DA:13,4
DA:15,4
DA:20,2
DA:21,2
DA:22,2
DA:27,2
DA:28,2
DA:29,2
DA:34,4
DA:35,4
DA:36,4
DA:38,3
DA:39,2
DA:40,2
LF:17
LH:17
BRF:0
BRH:0
end_of_record
TN:
SF:services\synchronizerService.ts
FN:33,(anonymous_0)
FN:38,(anonymous_1)
FN:39,(anonymous_2)
FN:44,(anonymous_3)
FN:45,(anonymous_4)
FN:65,(anonymous_5)
FN:75,(anonymous_6)
FN:76,(anonymous_7)
FN:98,(anonymous_8)
FN:99,(anonymous_9)
FN:117,(anonymous_10)
FN:118,(anonymous_11)
FN:121,(anonymous_12)
FN:122,(anonymous_13)
FN:140,(anonymous_14)
FN:140,(anonymous_15)
FN:151,(anonymous_16)
FN:152,(anonymous_17)
FN:155,(anonymous_18)
FN:156,(anonymous_19)
FN:183,(anonymous_20)
FN:184,(anonymous_21)
FN:187,(anonymous_22)
FN:188,(anonymous_23)
FNF:24
FNH:24
FNDA:12,(anonymous_0)
FNDA:12,(anonymous_1)
FNDA:12,(anonymous_2)
FNDA:4,(anonymous_3)
FNDA:4,(anonymous_4)
FNDA:3,(anonymous_5)
FNDA:4,(anonymous_6)
FNDA:4,(anonymous_7)
FNDA:2,(anonymous_8)
FNDA:2,(anonymous_9)
FNDA:3,(anonymous_10)
FNDA:3,(anonymous_11)
FNDA:4,(anonymous_12)
FNDA:2,(anonymous_13)
FNDA:2,(anonymous_14)
FNDA:2,(anonymous_15)
FNDA:2,(anonymous_16)
FNDA:2,(anonymous_17)
FNDA:3,(anonymous_18)
FNDA:2,(anonymous_19)
FNDA:2,(anonymous_20)
FNDA:2,(anonymous_21)
FNDA:3,(anonymous_22)
FNDA:2,(anonymous_23)
DA:34,12
DA:35,12
DA:39,12
DA:40,12
DA:41,12
DA:45,4
DA:46,4
DA:48,3
DA:49,3
DA:50,3
DA:51,2
DA:52,2
DA:54,2
DA:55,2
DA:56,1
DA:57,1
DA:58,1
DA:59,1
DA:60,1
DA:61,1
DA:62,1
DA:63,1
DA:66,3
DA:67,3
DA:68,1
DA:70,2
DA:76,4
DA:77,4
DA:84,2
DA:85,2
DA:87,2
DA:88,2
DA:89,3
DA:90,3
DA:91,2
DA:92,2
DA:99,2
DA:100,2
DA:107,2
DA:109,2
DA:110,2
DA:111,2
DA:112,2
DA:118,3
DA:119,3
DA:120,3
DA:121,4
DA:122,3
DA:124,3
DA:125,1
DA:129,2
DA:137,2
DA:139,2
DA:140,2
DA:141,2
DA:142,2
DA:145,0
DA:152,2
DA:153,2
DA:154,2
DA:155,3
DA:156,2
DA:158,2
DA:159,0
DA:161,2
DA:169,2
DA:171,2
DA:172,2
DA:173,2
DA:174,2
DA:177,0
DA:184,2
DA:185,2
DA:186,2
DA:187,3
DA:188,2
DA:190,2
DA:191,0
DA:193,2
DA:201,2
DA:203,2
DA:204,2
DA:205,2
DA:206,2
DA:209,0
LF:85
LH:80
BRDA:46,0,0,1
BRDA:46,0,1,3
BRDA:50,1,0,1
BRDA:50,1,1,2
BRDA:67,2,0,1
BRDA:67,2,1,2
BRDA:90,3,0,2
BRDA:90,3,1,1
BRDA:124,4,0,1
BRDA:124,4,1,2
BRDA:139,5,0,2
BRDA:139,5,1,0
BRDA:158,6,0,0
BRDA:158,6,1,2
BRDA:171,7,0,2
BRDA:171,7,1,0
BRDA:190,8,0,0
BRDA:190,8,1,2
BRDA:203,9,0,2
BRDA:203,9,1,0
BRF:20
BRH:15
end_of_record
