TN:
SF:services\authService.ts
FN:9,haveToken
FN:18,requestToken
FN:49,refreshToken
FNF:3
FNH:3
FNDA:3,haveToken
FNDA:5,requestToken
FNDA:4,refreshToken
DA:10,3
DA:11,3
DA:12,2
DA:14,1
DA:19,5
DA:20,5
DA:27,2
DA:29,1
DA:30,1
DA:35,4
DA:37,4
DA:38,1
DA:41,3
DA:42,1
DA:45,2
DA:50,4
DA:51,4
DA:52,4
DA:54,3
DA:61,2
DA:63,1
DA:68,3
LF:22
LH:22
BRDA:27,0,0,1
BRDA:27,0,1,1
BRDA:27,1,0,2
BRDA:27,1,1,1
BRDA:37,2,0,1
BRDA:37,2,1,3
BRDA:37,3,0,4
BRDA:37,3,1,3
BRDA:41,4,0,1
BRDA:41,4,1,2
BRDA:52,5,0,1
BRDA:52,5,1,3
BRDA:61,6,0,1
BRDA:61,6,1,1
BRF:14
BRH:14
end_of_record
TN:
SF:services\checklistService.ts
FN:53,hydrateChecklistState
FN:61,(anonymous_1)
FN:62,(anonymous_2)
FN:65,(anonymous_3)
FN:80,buildChecklistPayload
FN:107,(anonymous_5)
FN:117,resolveChecklistDateChange
FN:121,saveWorkOrderData
FN:148,saveChecklistItems
FN:155,(anonymous_9)
FN:156,(anonymous_10)
FN:192,saveChecklistData
FNF:12
FNH:11
FNDA:1,hydrateChecklistState
FNDA:1,(anonymous_1)
FNDA:1,(anonymous_2)
FNDA:2,(anonymous_3)
FNDA:1,buildChecklistPayload
FNDA:1,(anonymous_5)
FNDA:2,resolveChecklistDateChange
FNDA:1,saveWorkOrderData
FNDA:1,saveChecklistItems
FNDA:1,(anonymous_9)
FNDA:1,(anonymous_10)
FNDA:0,saveChecklistData
DA:58,1
DA:59,1
DA:61,1
DA:62,1
DA:65,1
DA:66,2
DA:68,2
DA:90,1
DA:107,1
DA:118,2
DA:125,1
DA:126,0
DA:133,1
DA:135,1
DA:152,1
DA:153,1
DA:155,1
DA:156,1
DA:159,1
DA:160,2
DA:161,2
DA:163,2
DA:164,0
DA:167,2
DA:170,2
DA:174,2
DA:184,2
DA:185,1
DA:187,1
DA:197,0
DA:198,0
LF:31
LH:27
BRDA:71,0,0,2
BRDA:71,0,1,1
BRDA:93,1,0,1
BRDA:93,1,1,0
BRDA:111,2,0,1
BRDA:111,2,1,0
BRDA:112,3,0,0
BRDA:112,3,1,1
BRDA:118,4,0,2
BRDA:118,4,1,1
BRDA:125,5,0,0
BRDA:125,5,1,1
BRDA:139,6,0,1
BRDA:139,6,1,0
BRDA:142,7,0,0
BRDA:142,7,1,1
BRDA:161,8,0,2
BRDA:161,8,1,0
BRDA:163,9,0,0
BRDA:163,9,1,2
BRDA:167,10,0,1
BRDA:167,10,1,1
BRDA:169,11,0,1
BRDA:169,11,1,1
BRDA:170,12,0,1
BRDA:170,12,1,1
BRDA:172,13,0,1
BRDA:172,13,1,1
BRDA:175,14,0,2
BRDA:175,14,1,1
BRDA:175,14,2,1
BRDA:184,15,0,1
BRDA:184,15,1,1
BRF:33
BRH:25
end_of_record
TN:
SF:services\imageService.ts
FN:3,base64ToUint8Array
FN:16,readImageAsUint8Array
FN:20,(anonymous_2)
FN:23,(anonymous_3)
FN:33,takePhoto
FNF:5
FNH:2
FNDA:1,base64ToUint8Array
FNDA:0,readImageAsUint8Array
FNDA:0,(anonymous_2)
FNDA:0,(anonymous_3)
FNDA:3,takePhoto
DA:4,1
DA:5,1
DA:6,1
DA:7,1
DA:9,1
DA:10,1
DA:13,1
DA:17,0
DA:18,0
DA:20,0
DA:21,0
DA:23,0
DA:24,0
DA:25,0
DA:28,0
DA:29,0
DA:34,3
DA:36,3
DA:37,1
DA:40,2
DA:42,2
DA:43,1
DA:46,1
LF:23
LH:14
BRDA:36,0,0,1
BRDA:36,0,1,2
BRDA:42,1,0,1
BRDA:42,1,1,1
BRDA:46,2,0,1
BRDA:46,2,1,0
BRF:6
BRH:5
end_of_record
TN:
SF:services\networkService.ts
FN:20,httpRequest
FN:63,hasWebAccess
FNF:2
FNH:2
FNDA:7,httpRequest
FNDA:3,hasWebAccess
DA:25,7
DA:26,7
DA:27,5
DA:30,7
DA:36,6
DA:37,2
DA:38,2
DA:39,1
DA:41,1
DA:42,1
DA:46,4
DA:47,1
DA:48,1
DA:51,3
DA:53,3
DA:55,7
DA:56,5
DA:64,3
DA:65,3
DA:67,2
DA:71,1
LF:21
LH:21
BRDA:22,0,0,5
BRDA:23,1,0,5
BRDA:26,2,0,5
BRDA:26,2,1,2
BRDA:33,3,0,1
BRDA:33,3,1,6
BRDA:36,4,0,2
BRDA:36,4,1,4
BRDA:36,5,0,6
BRDA:36,5,1,2
BRDA:46,6,0,1
BRDA:46,6,1,3
BRDA:48,7,0,1
BRDA:48,7,1,0
BRDA:55,8,0,5
BRDA:55,8,1,2
BRDA:68,9,0,2
BRDA:68,9,1,2
BRF:18
BRH:17
end_of_record
TN:
SF:services\requestLoadingService.ts
FN:6,notifyListeners
FN:10,(anonymous_1)
FN:16,beginRequestLoading
FN:25,endRequestLoading
FN:34,subscribeRequestLoading
FN:39,(anonymous_5)
FNF:6
FNH:6
FNDA:4,notifyListeners
FNDA:3,(anonymous_1)
FNDA:2,beginRequestLoading
FNDA:2,endRequestLoading
FNDA:4,subscribeRequestLoading
FNDA:2,(anonymous_5)
DA:3,4
DA:4,4
DA:7,4
DA:8,4
DA:10,4
DA:12,0
DA:17,2
DA:18,2
DA:19,2
DA:21,0
DA:26,2
DA:27,2
DA:28,2
DA:30,0
DA:35,4
DA:36,4
DA:37,4
DA:39,3
DA:40,2
DA:41,2
DA:43,0
DA:47,1
LF:22
LH:18
BRF:0
BRH:0
end_of_record
TN:
SF:services\synchronizerService.ts
FN:19,(anonymous_0)
FN:24,(anonymous_1)
FN:32,(anonymous_2)
FN:58,(anonymous_3)
FN:84,(anonymous_4)
FN:107,(anonymous_5)
FN:111,(anonymous_6)
FN:140,(anonymous_7)
FN:144,(anonymous_8)
FNF:9
FNH:9
FNDA:10,(anonymous_0)
FNDA:10,(anonymous_1)
FNDA:3,(anonymous_2)
FNDA:3,(anonymous_3)
FNDA:2,(anonymous_4)
FNDA:3,(anonymous_5)
FNDA:4,(anonymous_6)
FNDA:2,(anonymous_7)
FNDA:3,(anonymous_8)
DA:20,10
DA:21,10
DA:25,10
DA:26,10
DA:27,10
DA:29,0
DA:33,3
DA:34,3
DA:36,2
DA:37,2
DA:38,2
DA:39,1
DA:40,1
DA:42,1
DA:43,1
DA:44,1
DA:45,1
DA:46,1
DA:47,1
DA:48,1
DA:49,1
DA:52,2
DA:53,2
DA:59,3
DA:60,3
DA:66,2
DA:67,2
DA:68,0
DA:71,2
DA:72,2
DA:73,3
DA:74,3
DA:75,2
DA:76,2
DA:80,1
DA:85,2
DA:86,2
DA:93,2
DA:94,0
DA:97,2
DA:98,2
DA:99,2
DA:100,2
DA:103,0
DA:108,3
DA:109,3
DA:110,3
DA:111,4
DA:113,3
DA:114,1
DA:118,2
DA:126,2
DA:127,2
DA:128,2
DA:129,2
DA:132,0
DA:136,0
DA:141,2
DA:142,2
DA:143,2
DA:144,3
DA:145,2
DA:146,0
DA:148,2
DA:156,2
DA:157,2
DA:158,2
DA:159,2
DA:162,0
DA:166,0
LF:70
LH:61
BRDA:34,0,0,1
BRDA:34,0,1,2
BRDA:38,1,0,1
BRDA:38,1,1,1
BRDA:67,2,0,0
BRDA:67,2,1,2
BRDA:74,3,0,2
BRDA:74,3,1,1
BRDA:93,4,0,0
BRDA:93,4,1,2
BRDA:113,5,0,1
BRDA:113,5,1,2
BRDA:126,6,0,2
BRDA:126,6,1,0
BRDA:145,7,0,0
BRDA:145,7,1,2
BRDA:156,8,0,2
BRDA:156,8,1,0
BRF:18
BRH:13
end_of_record
